Rules useless in parser due to conflicts

   12 declaEnum: error ';'

   27 declaVoF: error ';'

   43 sentencia: error ';'

   49 sentExpresion: error ';'

   67 sentSalto: error ';'


State 2 conflicts: 1 shift/reduce
State 4 conflicts: 1 shift/reduce
State 10 conflicts: 1 shift/reduce, 1 reduce/reduce
State 21 conflicts: 1 shift/reduce
State 24 conflicts: 21 reduce/reduce
State 40 conflicts: 1 shift/reduce
State 45 conflicts: 2 shift/reduce
State 46 conflicts: 110 reduce/reduce
State 59 conflicts: 11 shift/reduce
State 68 conflicts: 1 shift/reduce
State 96 conflicts: 1 shift/reduce
State 100 conflicts: 1 shift/reduce
State 102 conflicts: 1 shift/reduce
State 106 conflicts: 1 shift/reduce
State 125 conflicts: 24 reduce/reduce
State 126 conflicts: 1 shift/reduce
State 128 conflicts: 1 shift/reduce
State 130 conflicts: 1 shift/reduce
State 145 conflicts: 1 shift/reduce
State 146 conflicts: 1 shift/reduce
State 147 conflicts: 1 shift/reduce
State 170 conflicts: 1 shift/reduce
State 171 conflicts: 1 shift/reduce
State 178 conflicts: 1 shift/reduce


Grammar

    0 $accept: input $end

    1 input: items

    2 items: ε
    3      | items item

    4 item: declaracion
    5     | sentencia

    6 declaracion: declaVoF
    7            | declaEnum
    8            | error ';'
    9            | error '}'

   10 @1: ε

   11 declaEnum: ENUMERADOR IDENTIFICADOR '{' lista_enumeradores '}' @1 ids_opt
   12          | error ';'

   13 ids_opt: ';'
   14        | lista_ids

   15 lista_ids: IDENTIFICADOR
   16          | lista_ids ',' IDENTIFICADOR

   17 lista_enumeradores: IDENTIFICADOR
   18                   | IDENTIFICADOR '=' ENTERO
   19                   | lista_enumeradores ',' IDENTIFICADOR
   20                   | lista_enumeradores ',' IDENTIFICADOR '=' ENTERO

   21 declaVoF: tipo_opt IDENTIFICADOR ';'
   22         | tipo_opt IDENTIFICADOR '(' parametros_opt ')' ';'

   23 @2: ε

   24 declaVoF: tipo_opt IDENTIFICADOR '=' @2 expOr ';'

   25 @3: ε

   26 declaVoF: tipo_opt IDENTIFICADOR '(' parametros_opt ')' @3 sentCompuesta
   27         | error ';'

   28 tipo_opt: TIPO_DATO
   29         | TIPO_DATO '*'
   30         | IDENTIFICADOR

   31 parametros_opt: ε
   32               | lista_parametros

   33 lista_parametros: parametro
   34                 | lista_parametros ',' parametro

   35 parametro: TIPO_DATO IDENTIFICADOR
   36          | TIPO_DATO '*' IDENTIFICADOR

   37 sentencia: sentCompuesta
   38          | sentExpresion
   39          | sentSeleccion
   40          | sentIteracion
   41          | sentSalto
   42          | declaracion
   43          | error ';'

   44 $@4: ε

   45 sentCompuesta: '{' $@4 items '}'
   46              | '{' error '}'

   47 sentExpresion: expresion_opt ';'
   48              | ';'
   49              | error ';'

   50 sentSeleccion: IF '(' error ')' sentencia opSent

   51 $@5: ε

   52 @6: ε

   53 sentSeleccion: IF '(' expresion ')' $@5 sentencia @6 opSent

   54 opSent: ε

   55 $@7: ε

   56 opSent: ELSE $@7 sentencia

   57 $@8: ε

   58 sentIteracion: WHILE '(' expresion ')' $@8 sentencia
   59              | WHILE '(' error ')' sentencia

   60 $@9: ε

   61 sentIteracion: FOR '(' forInit_opt expresion_opt ';' expresion_opt ')' $@9 sentencia
   62              | FOR '(' error ')' sentencia

   63 forInit_opt: ε
   64            | declaracion
   65            | expresion

   66 sentSalto: RETURN expresion_opt ';'
   67          | error ';'

   68 expresion_opt: ε
   69              | expresion

   70 expresion: expOr
   71          | IDENTIFICADOR opAsignacion expOr
   72          | error

   73 opAsignacion: '='
   74             | MAS_IGUAL
   75             | MENOS_IGUAL
   76             | DIV_IGUAL
   77             | POR_IGUAL

   78 expOr: expAnd
   79      | expOr OR expAnd

   80 expAnd: expIgualdad
   81       | expAnd AND expIgualdad

   82 expIgualdad: expRelacional
   83            | expIgualdad IGUALDAD expRelacional
   84            | expIgualdad DIFERENTE expRelacional

   85 expRelacional: expAditiva
   86              | expRelacional MAYOR_IGUAL expAditiva
   87              | expRelacional '>' expAditiva
   88              | expRelacional MENOR_IGUAL expAditiva
   89              | expRelacional '<' expAditiva

   90 expAditiva: expMultiplicativa
   91           | expAditiva '+' expMultiplicativa
   92           | expAditiva '-' expMultiplicativa

   93 expMultiplicativa: expUnaria
   94                  | expMultiplicativa '*' expUnaria
   95                  | expMultiplicativa '/' expUnaria

   96 expUnaria: expPostfijo
   97          | operUnario expPostfijo
   98          | INCREMENTO expPrimaria
   99          | DECREMENTO expPrimaria

  100 operUnario: '-'
  101           | '!'

  102 expPostfijo: expPrimaria
  103            | IDENTIFICADOR '(' listaArgumentos ')'
  104            | expPrimaria INCREMENTO
  105            | expPrimaria DECREMENTO

  106 listaArgumentos: ε
  107                | argumento
  108                | listaArgumentos ',' argumento

  109 argumento: ENTERO
  110          | CADENA
  111          | NUMERO
  112          | CARACTER
  113          | IDENTIFICADOR

  114 expPrimaria: IDENTIFICADOR
  115            | ENTERO
  116            | NUMERO
  117            | CARACTER
  118            | CADENA
  119            | '(' expOr ')'


Terminals, with rules where they appear

    $end (0) 0
    '!' (33) 101
    '(' (40) 22 26 50 53 58 59 61 62 103 119
    ')' (41) 22 26 50 53 58 59 61 62 103 119
    '*' (42) 29 36 94
    '+' (43) 91
    ',' (44) 16 19 20 34 108
    '-' (45) 92 100
    '/' (47) 95
    ';' (59) 8 12 13 21 22 24 27 43 47 48 49 61 66 67
    '<' (60) 89
    '=' (61) 18 20 24 73
    '>' (62) 87
    '{' (123) 11 45 46
    '}' (125) 9 11 45 46
    error (256) 8 9 12 27 43 46 49 50 59 62 67 72
    ENTERO <ival> (258) 18 20 109 115
    NUMERO <dval> (259) 111 116
    CARACTER <cval> (260) 112 117
    CADENA <cadena> (261) 110 118
    TIPO_DATO <cadena> (262) 28 29 35 36
    IDENTIFICADOR <cadena> (263) 11 15 16 17 18 19 20 21 22 24 26 30 35 36 71 103 113 114
    RETURN <cadena> (264) 66
    FOR <cadena> (265) 61 62
    WHILE <cadena> (266) 58 59
    ELSE <cadena> (267) 56
    IF <cadena> (268) 50 53
    ENUMERADOR <cadena> (269) 11
    INCREMENTO (270) 98 104
    DECREMENTO (271) 99 105
    MAS_IGUAL (272) 74
    MENOS_IGUAL (273) 75
    DIV_IGUAL (274) 76
    POR_IGUAL (275) 77
    IGUALDAD (276) 83
    DIFERENTE (277) 84
    AND (278) 81
    OR (279) 79
    MAYOR_IGUAL (280) 86
    MENOR_IGUAL (281) 88
    UNARIO (282)


Nonterminals, with rules where they appear

    $accept (42)
        on left: 0
    input (43)
        on left: 1
        on right: 0
    items <cadena> (44)
        on left: 2 3
        on right: 1 3 45
    item (45)
        on left: 4 5
        on right: 3
    declaracion (46)
        on left: 6 7 8 9
        on right: 4 42 64
    declaEnum <s> (47)
        on left: 11 12
        on right: 7
    @1 (48)
        on left: 10
        on right: 11
    ids_opt <arr> (49)
        on left: 13 14
        on right: 11
    lista_ids <arr> (50)
        on left: 15 16
        on right: 14 16
    lista_enumeradores <arr> (51)
        on left: 17 18 19 20
        on right: 11 19 20
    declaVoF <s> (52)
        on left: 21 22 24 26 27
        on right: 6
    @2 (53)
        on left: 23
        on right: 24
    @3 (54)
        on left: 25
        on right: 26
    tipo_opt <cadena> (55)
        on left: 28 29 30
        on right: 21 22 24 26
    parametros_opt <arr> (56)
        on left: 31 32
        on right: 22 26
    lista_parametros <arr> (57)
        on left: 33 34
        on right: 32 34
    parametro <p> (58)
        on left: 35 36
        on right: 33 34
    sentencia <cadena> (59)
        on left: 37 38 39 40 41 42 43
        on right: 5 50 53 56 58 59 61 62
    sentCompuesta <cadena> (60)
        on left: 45 46
        on right: 26 37
    $@4 (61)
        on left: 44
        on right: 45
    sentExpresion (62)
        on left: 47 48 49
        on right: 38
    sentSeleccion <cadena> (63)
        on left: 50 53
        on right: 39
    $@5 (64)
        on left: 51
        on right: 53
    @6 (65)
        on left: 52
        on right: 53
    opSent <cadena> (66)
        on left: 54 56
        on right: 50 53
    $@7 (67)
        on left: 55
        on right: 56
    sentIteracion (68)
        on left: 58 59 61 62
        on right: 40
    $@8 (69)
        on left: 57
        on right: 58
    $@9 (70)
        on left: 60
        on right: 61
    forInit_opt (71)
        on left: 63 64 65
        on right: 61
    sentSalto <cadena> (72)
        on left: 66 67
        on right: 41
    expresion_opt <expr> (73)
        on left: 68 69
        on right: 47 61 66
    expresion <expr> (74)
        on left: 70 71 72
        on right: 53 58 65 69
    opAsignacion <cadena> (75)
        on left: 73 74 75 76 77
        on right: 71
    expOr <expr> (76)
        on left: 78 79
        on right: 24 70 71 79 119
    expAnd <expr> (77)
        on left: 80 81
        on right: 78 79 81
    expIgualdad <expr> (78)
        on left: 82 83 84
        on right: 80 81 83 84
    expRelacional <expr> (79)
        on left: 85 86 87 88 89
        on right: 82 83 84 86 87 88 89
    expAditiva <expr> (80)
        on left: 90 91 92
        on right: 85 86 87 88 89 91 92
    expMultiplicativa <expr> (81)
        on left: 93 94 95
        on right: 90 91 92 94 95
    expUnaria <expr> (82)
        on left: 96 97 98 99
        on right: 93 94 95
    operUnario <cadena> (83)
        on left: 100 101
        on right: 97
    expPostfijo <expr> (84)
        on left: 102 103 104 105
        on right: 96 97
    listaArgumentos <arr> (85)
        on left: 106 107 108
        on right: 103 108
    argumento <cadena> (86)
        on left: 109 110 111 112 113
        on right: 107 108
    expPrimaria <expr> (87)
        on left: 114 115 116 117 118 119
        on right: 98 99 102 104 105


State 0

    0 $accept: • input $end

    $default  reduce using rule 2 (items)

    input  go to state 1
    items  go to state 2


State 1

    0 $accept: input • $end

    $end  shift, and go to state 3


State 2

    1 input: items •
    3 items: items • item

    error          shift, and go to state 4
    ENTERO         shift, and go to state 5
    NUMERO         shift, and go to state 6
    CARACTER       shift, and go to state 7
    CADENA         shift, and go to state 8
    TIPO_DATO      shift, and go to state 9
    IDENTIFICADOR  shift, and go to state 10
    RETURN         shift, and go to state 11
    FOR            shift, and go to state 12
    WHILE          shift, and go to state 13
    IF             shift, and go to state 14
    ENUMERADOR     shift, and go to state 15
    INCREMENTO     shift, and go to state 16
    DECREMENTO     shift, and go to state 17
    '-'            shift, and go to state 18
    '!'            shift, and go to state 19
    ';'            shift, and go to state 20
    '{'            shift, and go to state 21
    '('            shift, and go to state 22

    $end  reduce using rule 1 (input)
    ';'   [reduce using rule 68 (expresion_opt)]

    item               go to state 23
    declaracion        go to state 24
    declaEnum          go to state 25
    declaVoF           go to state 26
    tipo_opt           go to state 27
    sentencia          go to state 28
    sentCompuesta      go to state 29
    sentExpresion      go to state 30
    sentSeleccion      go to state 31
    sentIteracion      go to state 32
    sentSalto          go to state 33
    expresion_opt      go to state 34
    expresion          go to state 35
    expOr              go to state 36
    expAnd             go to state 37
    expIgualdad        go to state 38
    expRelacional      go to state 39
    expAditiva         go to state 40
    expMultiplicativa  go to state 41
    expUnaria          go to state 42
    operUnario         go to state 43
    expPostfijo        go to state 44
    expPrimaria        go to state 45


State 3

    0 $accept: input $end •

    $default  accept


State 4

    8 declaracion: error • ';'
    9            | error • '}'
   12 declaEnum: error • ';'
   27 declaVoF: error • ';'
   43 sentencia: error • ';'
   49 sentExpresion: error • ';'
   67 sentSalto: error • ';'
   72 expresion: error •

    ';'  shift, and go to state 46
    '}'  shift, and go to state 47

    ';'  [reduce using rule 72 (expresion)]


State 5

  115 expPrimaria: ENTERO •

    $default  reduce using rule 115 (expPrimaria)


State 6

  116 expPrimaria: NUMERO •

    $default  reduce using rule 116 (expPrimaria)


State 7

  117 expPrimaria: CARACTER •

    $default  reduce using rule 117 (expPrimaria)


State 8

  118 expPrimaria: CADENA •

    $default  reduce using rule 118 (expPrimaria)


State 9

   28 tipo_opt: TIPO_DATO •
   29         | TIPO_DATO • '*'

    '*'  shift, and go to state 48

    $default  reduce using rule 28 (tipo_opt)


State 10

   30 tipo_opt: IDENTIFICADOR •
   71 expresion: IDENTIFICADOR • opAsignacion expOr
  103 expPostfijo: IDENTIFICADOR • '(' listaArgumentos ')'
  114 expPrimaria: IDENTIFICADOR •

    MAS_IGUAL    shift, and go to state 49
    MENOS_IGUAL  shift, and go to state 50
    DIV_IGUAL    shift, and go to state 51
    POR_IGUAL    shift, and go to state 52
    '='          shift, and go to state 53
    '('          shift, and go to state 54

    IDENTIFICADOR  reduce using rule 30 (tipo_opt)
    IDENTIFICADOR  [reduce using rule 114 (expPrimaria)]
    '('            [reduce using rule 114 (expPrimaria)]
    $default       reduce using rule 114 (expPrimaria)

    opAsignacion  go to state 55


State 11

   66 sentSalto: RETURN • expresion_opt ';'

    error          shift, and go to state 56
    ENTERO         shift, and go to state 5
    NUMERO         shift, and go to state 6
    CARACTER       shift, and go to state 7
    CADENA         shift, and go to state 8
    IDENTIFICADOR  shift, and go to state 57
    INCREMENTO     shift, and go to state 16
    DECREMENTO     shift, and go to state 17
    '-'            shift, and go to state 18
    '!'            shift, and go to state 19
    '('            shift, and go to state 22

    ';'  reduce using rule 68 (expresion_opt)

    expresion_opt      go to state 58
    expresion          go to state 35
    expOr              go to state 36
    expAnd             go to state 37
    expIgualdad        go to state 38
    expRelacional      go to state 39
    expAditiva         go to state 40
    expMultiplicativa  go to state 41
    expUnaria          go to state 42
    operUnario         go to state 43
    expPostfijo        go to state 44
    expPrimaria        go to state 45


State 12

   61 sentIteracion: FOR • '(' forInit_opt expresion_opt ';' expresion_opt ')' $@9 sentencia
   62              | FOR • '(' error ')' sentencia

    '('  shift, and go to state 59


State 13

   58 sentIteracion: WHILE • '(' expresion ')' $@8 sentencia
   59              | WHILE • '(' error ')' sentencia

    '('  shift, and go to state 60


State 14

   50 sentSeleccion: IF • '(' error ')' sentencia opSent
   53              | IF • '(' expresion ')' $@5 sentencia @6 opSent

    '('  shift, and go to state 61


State 15

   11 declaEnum: ENUMERADOR • IDENTIFICADOR '{' lista_enumeradores '}' @1 ids_opt

    IDENTIFICADOR  shift, and go to state 62


State 16

   98 expUnaria: INCREMENTO • expPrimaria

    ENTERO         shift, and go to state 5
    NUMERO         shift, and go to state 6
    CARACTER       shift, and go to state 7
    CADENA         shift, and go to state 8
    IDENTIFICADOR  shift, and go to state 63
    '('            shift, and go to state 22

    expPrimaria  go to state 64


State 17

   99 expUnaria: DECREMENTO • expPrimaria

    ENTERO         shift, and go to state 5
    NUMERO         shift, and go to state 6
    CARACTER       shift, and go to state 7
    CADENA         shift, and go to state 8
    IDENTIFICADOR  shift, and go to state 63
    '('            shift, and go to state 22

    expPrimaria  go to state 65


State 18

  100 operUnario: '-' •

    $default  reduce using rule 100 (operUnario)


State 19

  101 operUnario: '!' •

    $default  reduce using rule 101 (operUnario)


State 20

   48 sentExpresion: ';' •

    $default  reduce using rule 48 (sentExpresion)


State 21

   45 sentCompuesta: '{' • $@4 items '}'
   46              | '{' • error '}'

    error  shift, and go to state 66

    error          [reduce using rule 44 ($@4)]
    ENTERO         reduce using rule 44 ($@4)
    NUMERO         reduce using rule 44 ($@4)
    CARACTER       reduce using rule 44 ($@4)
    CADENA         reduce using rule 44 ($@4)
    TIPO_DATO      reduce using rule 44 ($@4)
    IDENTIFICADOR  reduce using rule 44 ($@4)
    RETURN         reduce using rule 44 ($@4)
    FOR            reduce using rule 44 ($@4)
    WHILE          reduce using rule 44 ($@4)
    IF             reduce using rule 44 ($@4)
    ENUMERADOR     reduce using rule 44 ($@4)
    INCREMENTO     reduce using rule 44 ($@4)
    DECREMENTO     reduce using rule 44 ($@4)
    '-'            reduce using rule 44 ($@4)
    '!'            reduce using rule 44 ($@4)
    ';'            reduce using rule 44 ($@4)
    '}'            reduce using rule 44 ($@4)
    '{'            reduce using rule 44 ($@4)
    '('            reduce using rule 44 ($@4)

    $@4  go to state 67


State 22

  119 expPrimaria: '(' • expOr ')'

    ENTERO         shift, and go to state 5
    NUMERO         shift, and go to state 6
    CARACTER       shift, and go to state 7
    CADENA         shift, and go to state 8
    IDENTIFICADOR  shift, and go to state 68
    INCREMENTO     shift, and go to state 16
    DECREMENTO     shift, and go to state 17
    '-'            shift, and go to state 18
    '!'            shift, and go to state 19
    '('            shift, and go to state 22

    expOr              go to state 69
    expAnd             go to state 37
    expIgualdad        go to state 38
    expRelacional      go to state 39
    expAditiva         go to state 40
    expMultiplicativa  go to state 41
    expUnaria          go to state 42
    operUnario         go to state 43
    expPostfijo        go to state 44
    expPrimaria        go to state 45


State 23

    3 items: items item •

    $default  reduce using rule 3 (items)


State 24

    4 item: declaracion •
   42 sentencia: declaracion •

    $end           reduce using rule 4 (item)
    $end           [reduce using rule 42 (sentencia)]
    error          reduce using rule 4 (item)
    error          [reduce using rule 42 (sentencia)]
    ENTERO         reduce using rule 4 (item)
    ENTERO         [reduce using rule 42 (sentencia)]
    NUMERO         reduce using rule 4 (item)
    NUMERO         [reduce using rule 42 (sentencia)]
    CARACTER       reduce using rule 4 (item)
    CARACTER       [reduce using rule 42 (sentencia)]
    CADENA         reduce using rule 4 (item)
    CADENA         [reduce using rule 42 (sentencia)]
    TIPO_DATO      reduce using rule 4 (item)
    TIPO_DATO      [reduce using rule 42 (sentencia)]
    IDENTIFICADOR  reduce using rule 4 (item)
    IDENTIFICADOR  [reduce using rule 42 (sentencia)]
    RETURN         reduce using rule 4 (item)
    RETURN         [reduce using rule 42 (sentencia)]
    FOR            reduce using rule 4 (item)
    FOR            [reduce using rule 42 (sentencia)]
    WHILE          reduce using rule 4 (item)
    WHILE          [reduce using rule 42 (sentencia)]
    IF             reduce using rule 4 (item)
    IF             [reduce using rule 42 (sentencia)]
    ENUMERADOR     reduce using rule 4 (item)
    ENUMERADOR     [reduce using rule 42 (sentencia)]
    INCREMENTO     reduce using rule 4 (item)
    INCREMENTO     [reduce using rule 42 (sentencia)]
    DECREMENTO     reduce using rule 4 (item)
    DECREMENTO     [reduce using rule 42 (sentencia)]
    '-'            reduce using rule 4 (item)
    '-'            [reduce using rule 42 (sentencia)]
    '!'            reduce using rule 4 (item)
    '!'            [reduce using rule 42 (sentencia)]
    ';'            reduce using rule 4 (item)
    ';'            [reduce using rule 42 (sentencia)]
    '}'            reduce using rule 4 (item)
    '}'            [reduce using rule 42 (sentencia)]
    '{'            reduce using rule 4 (item)
    '{'            [reduce using rule 42 (sentencia)]
    '('            reduce using rule 4 (item)
    '('            [reduce using rule 42 (sentencia)]
    $default       reduce using rule 4 (item)


State 25

    7 declaracion: declaEnum •

    $default  reduce using rule 7 (declaracion)


State 26

    6 declaracion: declaVoF •

    $default  reduce using rule 6 (declaracion)


State 27

   21 declaVoF: tipo_opt • IDENTIFICADOR ';'
   22         | tipo_opt • IDENTIFICADOR '(' parametros_opt ')' ';'
   24         | tipo_opt • IDENTIFICADOR '=' @2 expOr ';'
   26         | tipo_opt • IDENTIFICADOR '(' parametros_opt ')' @3 sentCompuesta

    IDENTIFICADOR  shift, and go to state 70


State 28

    5 item: sentencia •

    $default  reduce using rule 5 (item)


State 29

   37 sentencia: sentCompuesta •

    $default  reduce using rule 37 (sentencia)


State 30

   38 sentencia: sentExpresion •

    $default  reduce using rule 38 (sentencia)


State 31

   39 sentencia: sentSeleccion •

    $default  reduce using rule 39 (sentencia)


State 32

   40 sentencia: sentIteracion •

    $default  reduce using rule 40 (sentencia)


State 33

   41 sentencia: sentSalto •

    $default  reduce using rule 41 (sentencia)


State 34

   47 sentExpresion: expresion_opt • ';'

    ';'  shift, and go to state 71


State 35

   69 expresion_opt: expresion •

    $default  reduce using rule 69 (expresion_opt)


State 36

   70 expresion: expOr •
   79 expOr: expOr • OR expAnd

    OR  shift, and go to state 72

    $default  reduce using rule 70 (expresion)


State 37

   78 expOr: expAnd •
   81 expAnd: expAnd • AND expIgualdad

    AND  shift, and go to state 73

    $default  reduce using rule 78 (expOr)


State 38

   80 expAnd: expIgualdad •
   83 expIgualdad: expIgualdad • IGUALDAD expRelacional
   84            | expIgualdad • DIFERENTE expRelacional

    IGUALDAD   shift, and go to state 74
    DIFERENTE  shift, and go to state 75

    $default  reduce using rule 80 (expAnd)


State 39

   82 expIgualdad: expRelacional •
   86 expRelacional: expRelacional • MAYOR_IGUAL expAditiva
   87              | expRelacional • '>' expAditiva
   88              | expRelacional • MENOR_IGUAL expAditiva
   89              | expRelacional • '<' expAditiva

    MAYOR_IGUAL  shift, and go to state 76
    MENOR_IGUAL  shift, and go to state 77
    '<'          shift, and go to state 78
    '>'          shift, and go to state 79

    $default  reduce using rule 82 (expIgualdad)


State 40

   85 expRelacional: expAditiva •
   91 expAditiva: expAditiva • '+' expMultiplicativa
   92           | expAditiva • '-' expMultiplicativa

    '+'  shift, and go to state 80
    '-'  shift, and go to state 81

    '-'       [reduce using rule 85 (expRelacional)]
    $default  reduce using rule 85 (expRelacional)


State 41

   90 expAditiva: expMultiplicativa •
   94 expMultiplicativa: expMultiplicativa • '*' expUnaria
   95                  | expMultiplicativa • '/' expUnaria

    '*'  shift, and go to state 82
    '/'  shift, and go to state 83

    $default  reduce using rule 90 (expAditiva)


State 42

   93 expMultiplicativa: expUnaria •

    $default  reduce using rule 93 (expMultiplicativa)


State 43

   97 expUnaria: operUnario • expPostfijo

    ENTERO         shift, and go to state 5
    NUMERO         shift, and go to state 6
    CARACTER       shift, and go to state 7
    CADENA         shift, and go to state 8
    IDENTIFICADOR  shift, and go to state 68
    '('            shift, and go to state 22

    expPostfijo  go to state 84
    expPrimaria  go to state 45


State 44

   96 expUnaria: expPostfijo •

    $default  reduce using rule 96 (expUnaria)


State 45

  102 expPostfijo: expPrimaria •
  104            | expPrimaria • INCREMENTO
  105            | expPrimaria • DECREMENTO

    INCREMENTO  shift, and go to state 85
    DECREMENTO  shift, and go to state 86

    INCREMENTO  [reduce using rule 102 (expPostfijo)]
    DECREMENTO  [reduce using rule 102 (expPostfijo)]
    $default    reduce using rule 102 (expPostfijo)


State 46

    8 declaracion: error ';' •
   12 declaEnum: error ';' •
   27 declaVoF: error ';' •
   43 sentencia: error ';' •
   49 sentExpresion: error ';' •
   67 sentSalto: error ';' •

    $end           reduce using rule 8 (declaracion)
    $end           [reduce using rule 12 (declaEnum)]
    $end           [reduce using rule 27 (declaVoF)]
    $end           [reduce using rule 43 (sentencia)]
    $end           [reduce using rule 49 (sentExpresion)]
    $end           [reduce using rule 67 (sentSalto)]
    error          reduce using rule 8 (declaracion)
    error          [reduce using rule 12 (declaEnum)]
    error          [reduce using rule 27 (declaVoF)]
    error          [reduce using rule 43 (sentencia)]
    error          [reduce using rule 49 (sentExpresion)]
    error          [reduce using rule 67 (sentSalto)]
    ENTERO         reduce using rule 8 (declaracion)
    ENTERO         [reduce using rule 12 (declaEnum)]
    ENTERO         [reduce using rule 27 (declaVoF)]
    ENTERO         [reduce using rule 43 (sentencia)]
    ENTERO         [reduce using rule 49 (sentExpresion)]
    ENTERO         [reduce using rule 67 (sentSalto)]
    NUMERO         reduce using rule 8 (declaracion)
    NUMERO         [reduce using rule 12 (declaEnum)]
    NUMERO         [reduce using rule 27 (declaVoF)]
    NUMERO         [reduce using rule 43 (sentencia)]
    NUMERO         [reduce using rule 49 (sentExpresion)]
    NUMERO         [reduce using rule 67 (sentSalto)]
    CARACTER       reduce using rule 8 (declaracion)
    CARACTER       [reduce using rule 12 (declaEnum)]
    CARACTER       [reduce using rule 27 (declaVoF)]
    CARACTER       [reduce using rule 43 (sentencia)]
    CARACTER       [reduce using rule 49 (sentExpresion)]
    CARACTER       [reduce using rule 67 (sentSalto)]
    CADENA         reduce using rule 8 (declaracion)
    CADENA         [reduce using rule 12 (declaEnum)]
    CADENA         [reduce using rule 27 (declaVoF)]
    CADENA         [reduce using rule 43 (sentencia)]
    CADENA         [reduce using rule 49 (sentExpresion)]
    CADENA         [reduce using rule 67 (sentSalto)]
    TIPO_DATO      reduce using rule 8 (declaracion)
    TIPO_DATO      [reduce using rule 12 (declaEnum)]
    TIPO_DATO      [reduce using rule 27 (declaVoF)]
    TIPO_DATO      [reduce using rule 43 (sentencia)]
    TIPO_DATO      [reduce using rule 49 (sentExpresion)]
    TIPO_DATO      [reduce using rule 67 (sentSalto)]
    IDENTIFICADOR  reduce using rule 8 (declaracion)
    IDENTIFICADOR  [reduce using rule 12 (declaEnum)]
    IDENTIFICADOR  [reduce using rule 27 (declaVoF)]
    IDENTIFICADOR  [reduce using rule 43 (sentencia)]
    IDENTIFICADOR  [reduce using rule 49 (sentExpresion)]
    IDENTIFICADOR  [reduce using rule 67 (sentSalto)]
    RETURN         reduce using rule 8 (declaracion)
    RETURN         [reduce using rule 12 (declaEnum)]
    RETURN         [reduce using rule 27 (declaVoF)]
    RETURN         [reduce using rule 43 (sentencia)]
    RETURN         [reduce using rule 49 (sentExpresion)]
    RETURN         [reduce using rule 67 (sentSalto)]
    FOR            reduce using rule 8 (declaracion)
    FOR            [reduce using rule 12 (declaEnum)]
    FOR            [reduce using rule 27 (declaVoF)]
    FOR            [reduce using rule 43 (sentencia)]
    FOR            [reduce using rule 49 (sentExpresion)]
    FOR            [reduce using rule 67 (sentSalto)]
    WHILE          reduce using rule 8 (declaracion)
    WHILE          [reduce using rule 12 (declaEnum)]
    WHILE          [reduce using rule 27 (declaVoF)]
    WHILE          [reduce using rule 43 (sentencia)]
    WHILE          [reduce using rule 49 (sentExpresion)]
    WHILE          [reduce using rule 67 (sentSalto)]
    ELSE           reduce using rule 8 (declaracion)
    ELSE           [reduce using rule 12 (declaEnum)]
    ELSE           [reduce using rule 27 (declaVoF)]
    ELSE           [reduce using rule 43 (sentencia)]
    ELSE           [reduce using rule 49 (sentExpresion)]
    ELSE           [reduce using rule 67 (sentSalto)]
    IF             reduce using rule 8 (declaracion)
    IF             [reduce using rule 12 (declaEnum)]
    IF             [reduce using rule 27 (declaVoF)]
    IF             [reduce using rule 43 (sentencia)]
    IF             [reduce using rule 49 (sentExpresion)]
    IF             [reduce using rule 67 (sentSalto)]
    ENUMERADOR     reduce using rule 8 (declaracion)
    ENUMERADOR     [reduce using rule 12 (declaEnum)]
    ENUMERADOR     [reduce using rule 27 (declaVoF)]
    ENUMERADOR     [reduce using rule 43 (sentencia)]
    ENUMERADOR     [reduce using rule 49 (sentExpresion)]
    ENUMERADOR     [reduce using rule 67 (sentSalto)]
    INCREMENTO     reduce using rule 8 (declaracion)
    INCREMENTO     [reduce using rule 12 (declaEnum)]
    INCREMENTO     [reduce using rule 27 (declaVoF)]
    INCREMENTO     [reduce using rule 43 (sentencia)]
    INCREMENTO     [reduce using rule 49 (sentExpresion)]
    INCREMENTO     [reduce using rule 67 (sentSalto)]
    DECREMENTO     reduce using rule 8 (declaracion)
    DECREMENTO     [reduce using rule 12 (declaEnum)]
    DECREMENTO     [reduce using rule 27 (declaVoF)]
    DECREMENTO     [reduce using rule 43 (sentencia)]
    DECREMENTO     [reduce using rule 49 (sentExpresion)]
    DECREMENTO     [reduce using rule 67 (sentSalto)]
    '-'            reduce using rule 8 (declaracion)
    '-'            [reduce using rule 12 (declaEnum)]
    '-'            [reduce using rule 27 (declaVoF)]
    '-'            [reduce using rule 43 (sentencia)]
    '-'            [reduce using rule 49 (sentExpresion)]
    '-'            [reduce using rule 67 (sentSalto)]
    '!'            reduce using rule 8 (declaracion)
    '!'            [reduce using rule 12 (declaEnum)]
    '!'            [reduce using rule 27 (declaVoF)]
    '!'            [reduce using rule 43 (sentencia)]
    '!'            [reduce using rule 49 (sentExpresion)]
    '!'            [reduce using rule 67 (sentSalto)]
    ';'            reduce using rule 8 (declaracion)
    ';'            [reduce using rule 12 (declaEnum)]
    ';'            [reduce using rule 27 (declaVoF)]
    ';'            [reduce using rule 43 (sentencia)]
    ';'            [reduce using rule 49 (sentExpresion)]
    ';'            [reduce using rule 67 (sentSalto)]
    '}'            reduce using rule 8 (declaracion)
    '}'            [reduce using rule 12 (declaEnum)]
    '}'            [reduce using rule 27 (declaVoF)]
    '}'            [reduce using rule 43 (sentencia)]
    '}'            [reduce using rule 49 (sentExpresion)]
    '}'            [reduce using rule 67 (sentSalto)]
    '{'            reduce using rule 8 (declaracion)
    '{'            [reduce using rule 12 (declaEnum)]
    '{'            [reduce using rule 27 (declaVoF)]
    '{'            [reduce using rule 43 (sentencia)]
    '{'            [reduce using rule 49 (sentExpresion)]
    '{'            [reduce using rule 67 (sentSalto)]
    '('            reduce using rule 8 (declaracion)
    '('            [reduce using rule 12 (declaEnum)]
    '('            [reduce using rule 27 (declaVoF)]
    '('            [reduce using rule 43 (sentencia)]
    '('            [reduce using rule 49 (sentExpresion)]
    '('            [reduce using rule 67 (sentSalto)]
    $default       reduce using rule 8 (declaracion)


State 47

    9 declaracion: error '}' •

    $default  reduce using rule 9 (declaracion)


State 48

   29 tipo_opt: TIPO_DATO '*' •

    $default  reduce using rule 29 (tipo_opt)


State 49

   74 opAsignacion: MAS_IGUAL •

    $default  reduce using rule 74 (opAsignacion)


State 50

   75 opAsignacion: MENOS_IGUAL •

    $default  reduce using rule 75 (opAsignacion)


State 51

   76 opAsignacion: DIV_IGUAL •

    $default  reduce using rule 76 (opAsignacion)


State 52

   77 opAsignacion: POR_IGUAL •

    $default  reduce using rule 77 (opAsignacion)


State 53

   73 opAsignacion: '=' •

    $default  reduce using rule 73 (opAsignacion)


State 54

  103 expPostfijo: IDENTIFICADOR '(' • listaArgumentos ')'

    ENTERO         shift, and go to state 87
    NUMERO         shift, and go to state 88
    CARACTER       shift, and go to state 89
    CADENA         shift, and go to state 90
    IDENTIFICADOR  shift, and go to state 91

    $default  reduce using rule 106 (listaArgumentos)

    listaArgumentos  go to state 92
    argumento        go to state 93


State 55

   71 expresion: IDENTIFICADOR opAsignacion • expOr

    ENTERO         shift, and go to state 5
    NUMERO         shift, and go to state 6
    CARACTER       shift, and go to state 7
    CADENA         shift, and go to state 8
    IDENTIFICADOR  shift, and go to state 68
    INCREMENTO     shift, and go to state 16
    DECREMENTO     shift, and go to state 17
    '-'            shift, and go to state 18
    '!'            shift, and go to state 19
    '('            shift, and go to state 22

    expOr              go to state 94
    expAnd             go to state 37
    expIgualdad        go to state 38
    expRelacional      go to state 39
    expAditiva         go to state 40
    expMultiplicativa  go to state 41
    expUnaria          go to state 42
    operUnario         go to state 43
    expPostfijo        go to state 44
    expPrimaria        go to state 45


State 56

   72 expresion: error •

    $default  reduce using rule 72 (expresion)


State 57

   71 expresion: IDENTIFICADOR • opAsignacion expOr
  103 expPostfijo: IDENTIFICADOR • '(' listaArgumentos ')'
  114 expPrimaria: IDENTIFICADOR •

    MAS_IGUAL    shift, and go to state 49
    MENOS_IGUAL  shift, and go to state 50
    DIV_IGUAL    shift, and go to state 51
    POR_IGUAL    shift, and go to state 52
    '='          shift, and go to state 53
    '('          shift, and go to state 54

    $default  reduce using rule 114 (expPrimaria)

    opAsignacion  go to state 55


State 58

   66 sentSalto: RETURN expresion_opt • ';'

    ';'  shift, and go to state 95


State 59

   61 sentIteracion: FOR '(' • forInit_opt expresion_opt ';' expresion_opt ')' $@9 sentencia
   62              | FOR '(' • error ')' sentencia

    error          shift, and go to state 96
    ENTERO         shift, and go to state 5
    NUMERO         shift, and go to state 6
    CARACTER       shift, and go to state 7
    CADENA         shift, and go to state 8
    TIPO_DATO      shift, and go to state 9
    IDENTIFICADOR  shift, and go to state 10
    ENUMERADOR     shift, and go to state 15
    INCREMENTO     shift, and go to state 16
    DECREMENTO     shift, and go to state 17
    '-'            shift, and go to state 18
    '!'            shift, and go to state 19
    '('            shift, and go to state 22

    error          [reduce using rule 63 (forInit_opt)]
    ENTERO         [reduce using rule 63 (forInit_opt)]
    NUMERO         [reduce using rule 63 (forInit_opt)]
    CARACTER       [reduce using rule 63 (forInit_opt)]
    CADENA         [reduce using rule 63 (forInit_opt)]
    IDENTIFICADOR  [reduce using rule 63 (forInit_opt)]
    INCREMENTO     [reduce using rule 63 (forInit_opt)]
    DECREMENTO     [reduce using rule 63 (forInit_opt)]
    '-'            [reduce using rule 63 (forInit_opt)]
    '!'            [reduce using rule 63 (forInit_opt)]
    ';'            reduce using rule 63 (forInit_opt)
    '('            [reduce using rule 63 (forInit_opt)]

    declaracion        go to state 97
    declaEnum          go to state 25
    declaVoF           go to state 26
    tipo_opt           go to state 27
    forInit_opt        go to state 98
    expresion          go to state 99
    expOr              go to state 36
    expAnd             go to state 37
    expIgualdad        go to state 38
    expRelacional      go to state 39
    expAditiva         go to state 40
    expMultiplicativa  go to state 41
    expUnaria          go to state 42
    operUnario         go to state 43
    expPostfijo        go to state 44
    expPrimaria        go to state 45


State 60

   58 sentIteracion: WHILE '(' • expresion ')' $@8 sentencia
   59              | WHILE '(' • error ')' sentencia

    error          shift, and go to state 100
    ENTERO         shift, and go to state 5
    NUMERO         shift, and go to state 6
    CARACTER       shift, and go to state 7
    CADENA         shift, and go to state 8
    IDENTIFICADOR  shift, and go to state 57
    INCREMENTO     shift, and go to state 16
    DECREMENTO     shift, and go to state 17
    '-'            shift, and go to state 18
    '!'            shift, and go to state 19
    '('            shift, and go to state 22

    expresion          go to state 101
    expOr              go to state 36
    expAnd             go to state 37
    expIgualdad        go to state 38
    expRelacional      go to state 39
    expAditiva         go to state 40
    expMultiplicativa  go to state 41
    expUnaria          go to state 42
    operUnario         go to state 43
    expPostfijo        go to state 44
    expPrimaria        go to state 45


State 61

   50 sentSeleccion: IF '(' • error ')' sentencia opSent
   53              | IF '(' • expresion ')' $@5 sentencia @6 opSent

    error          shift, and go to state 102
    ENTERO         shift, and go to state 5
    NUMERO         shift, and go to state 6
    CARACTER       shift, and go to state 7
    CADENA         shift, and go to state 8
    IDENTIFICADOR  shift, and go to state 57
    INCREMENTO     shift, and go to state 16
    DECREMENTO     shift, and go to state 17
    '-'            shift, and go to state 18
    '!'            shift, and go to state 19
    '('            shift, and go to state 22

    expresion          go to state 103
    expOr              go to state 36
    expAnd             go to state 37
    expIgualdad        go to state 38
    expRelacional      go to state 39
    expAditiva         go to state 40
    expMultiplicativa  go to state 41
    expUnaria          go to state 42
    operUnario         go to state 43
    expPostfijo        go to state 44
    expPrimaria        go to state 45


State 62

   11 declaEnum: ENUMERADOR IDENTIFICADOR • '{' lista_enumeradores '}' @1 ids_opt

    '{'  shift, and go to state 104


State 63

  114 expPrimaria: IDENTIFICADOR •

    $default  reduce using rule 114 (expPrimaria)


State 64

   98 expUnaria: INCREMENTO expPrimaria •

    $default  reduce using rule 98 (expUnaria)


State 65

   99 expUnaria: DECREMENTO expPrimaria •

    $default  reduce using rule 99 (expUnaria)


State 66

   46 sentCompuesta: '{' error • '}'

    '}'  shift, and go to state 105


State 67

   45 sentCompuesta: '{' $@4 • items '}'

    $default  reduce using rule 2 (items)

    items  go to state 106


State 68

  103 expPostfijo: IDENTIFICADOR • '(' listaArgumentos ')'
  114 expPrimaria: IDENTIFICADOR •

    '('  shift, and go to state 54

    '('       [reduce using rule 114 (expPrimaria)]
    $default  reduce using rule 114 (expPrimaria)


State 69

   79 expOr: expOr • OR expAnd
  119 expPrimaria: '(' expOr • ')'

    OR   shift, and go to state 72
    ')'  shift, and go to state 107


State 70

   21 declaVoF: tipo_opt IDENTIFICADOR • ';'
   22         | tipo_opt IDENTIFICADOR • '(' parametros_opt ')' ';'
   24         | tipo_opt IDENTIFICADOR • '=' @2 expOr ';'
   26         | tipo_opt IDENTIFICADOR • '(' parametros_opt ')' @3 sentCompuesta

    '='  shift, and go to state 108
    ';'  shift, and go to state 109
    '('  shift, and go to state 110


State 71

   47 sentExpresion: expresion_opt ';' •

    $default  reduce using rule 47 (sentExpresion)


State 72

   79 expOr: expOr OR • expAnd

    ENTERO         shift, and go to state 5
    NUMERO         shift, and go to state 6
    CARACTER       shift, and go to state 7
    CADENA         shift, and go to state 8
    IDENTIFICADOR  shift, and go to state 68
    INCREMENTO     shift, and go to state 16
    DECREMENTO     shift, and go to state 17
    '-'            shift, and go to state 18
    '!'            shift, and go to state 19
    '('            shift, and go to state 22

    expAnd             go to state 111
    expIgualdad        go to state 38
    expRelacional      go to state 39
    expAditiva         go to state 40
    expMultiplicativa  go to state 41
    expUnaria          go to state 42
    operUnario         go to state 43
    expPostfijo        go to state 44
    expPrimaria        go to state 45


State 73

   81 expAnd: expAnd AND • expIgualdad

    ENTERO         shift, and go to state 5
    NUMERO         shift, and go to state 6
    CARACTER       shift, and go to state 7
    CADENA         shift, and go to state 8
    IDENTIFICADOR  shift, and go to state 68
    INCREMENTO     shift, and go to state 16
    DECREMENTO     shift, and go to state 17
    '-'            shift, and go to state 18
    '!'            shift, and go to state 19
    '('            shift, and go to state 22

    expIgualdad        go to state 112
    expRelacional      go to state 39
    expAditiva         go to state 40
    expMultiplicativa  go to state 41
    expUnaria          go to state 42
    operUnario         go to state 43
    expPostfijo        go to state 44
    expPrimaria        go to state 45


State 74

   83 expIgualdad: expIgualdad IGUALDAD • expRelacional

    ENTERO         shift, and go to state 5
    NUMERO         shift, and go to state 6
    CARACTER       shift, and go to state 7
    CADENA         shift, and go to state 8
    IDENTIFICADOR  shift, and go to state 68
    INCREMENTO     shift, and go to state 16
    DECREMENTO     shift, and go to state 17
    '-'            shift, and go to state 18
    '!'            shift, and go to state 19
    '('            shift, and go to state 22

    expRelacional      go to state 113
    expAditiva         go to state 40
    expMultiplicativa  go to state 41
    expUnaria          go to state 42
    operUnario         go to state 43
    expPostfijo        go to state 44
    expPrimaria        go to state 45


State 75

   84 expIgualdad: expIgualdad DIFERENTE • expRelacional

    ENTERO         shift, and go to state 5
    NUMERO         shift, and go to state 6
    CARACTER       shift, and go to state 7
    CADENA         shift, and go to state 8
    IDENTIFICADOR  shift, and go to state 68
    INCREMENTO     shift, and go to state 16
    DECREMENTO     shift, and go to state 17
    '-'            shift, and go to state 18
    '!'            shift, and go to state 19
    '('            shift, and go to state 22

    expRelacional      go to state 114
    expAditiva         go to state 40
    expMultiplicativa  go to state 41
    expUnaria          go to state 42
    operUnario         go to state 43
    expPostfijo        go to state 44
    expPrimaria        go to state 45


State 76

   86 expRelacional: expRelacional MAYOR_IGUAL • expAditiva

    ENTERO         shift, and go to state 5
    NUMERO         shift, and go to state 6
    CARACTER       shift, and go to state 7
    CADENA         shift, and go to state 8
    IDENTIFICADOR  shift, and go to state 68
    INCREMENTO     shift, and go to state 16
    DECREMENTO     shift, and go to state 17
    '-'            shift, and go to state 18
    '!'            shift, and go to state 19
    '('            shift, and go to state 22

    expAditiva         go to state 115
    expMultiplicativa  go to state 41
    expUnaria          go to state 42
    operUnario         go to state 43
    expPostfijo        go to state 44
    expPrimaria        go to state 45


State 77

   88 expRelacional: expRelacional MENOR_IGUAL • expAditiva

    ENTERO         shift, and go to state 5
    NUMERO         shift, and go to state 6
    CARACTER       shift, and go to state 7
    CADENA         shift, and go to state 8
    IDENTIFICADOR  shift, and go to state 68
    INCREMENTO     shift, and go to state 16
    DECREMENTO     shift, and go to state 17
    '-'            shift, and go to state 18
    '!'            shift, and go to state 19
    '('            shift, and go to state 22

    expAditiva         go to state 116
    expMultiplicativa  go to state 41
    expUnaria          go to state 42
    operUnario         go to state 43
    expPostfijo        go to state 44
    expPrimaria        go to state 45


State 78

   89 expRelacional: expRelacional '<' • expAditiva

    ENTERO         shift, and go to state 5
    NUMERO         shift, and go to state 6
    CARACTER       shift, and go to state 7
    CADENA         shift, and go to state 8
    IDENTIFICADOR  shift, and go to state 68
    INCREMENTO     shift, and go to state 16
    DECREMENTO     shift, and go to state 17
    '-'            shift, and go to state 18
    '!'            shift, and go to state 19
    '('            shift, and go to state 22

    expAditiva         go to state 117
    expMultiplicativa  go to state 41
    expUnaria          go to state 42
    operUnario         go to state 43
    expPostfijo        go to state 44
    expPrimaria        go to state 45


State 79

   87 expRelacional: expRelacional '>' • expAditiva

    ENTERO         shift, and go to state 5
    NUMERO         shift, and go to state 6
    CARACTER       shift, and go to state 7
    CADENA         shift, and go to state 8
    IDENTIFICADOR  shift, and go to state 68
    INCREMENTO     shift, and go to state 16
    DECREMENTO     shift, and go to state 17
    '-'            shift, and go to state 18
    '!'            shift, and go to state 19
    '('            shift, and go to state 22

    expAditiva         go to state 118
    expMultiplicativa  go to state 41
    expUnaria          go to state 42
    operUnario         go to state 43
    expPostfijo        go to state 44
    expPrimaria        go to state 45


State 80

   91 expAditiva: expAditiva '+' • expMultiplicativa

    ENTERO         shift, and go to state 5
    NUMERO         shift, and go to state 6
    CARACTER       shift, and go to state 7
    CADENA         shift, and go to state 8
    IDENTIFICADOR  shift, and go to state 68
    INCREMENTO     shift, and go to state 16
    DECREMENTO     shift, and go to state 17
    '-'            shift, and go to state 18
    '!'            shift, and go to state 19
    '('            shift, and go to state 22

    expMultiplicativa  go to state 119
    expUnaria          go to state 42
    operUnario         go to state 43
    expPostfijo        go to state 44
    expPrimaria        go to state 45


State 81

   92 expAditiva: expAditiva '-' • expMultiplicativa

    ENTERO         shift, and go to state 5
    NUMERO         shift, and go to state 6
    CARACTER       shift, and go to state 7
    CADENA         shift, and go to state 8
    IDENTIFICADOR  shift, and go to state 68
    INCREMENTO     shift, and go to state 16
    DECREMENTO     shift, and go to state 17
    '-'            shift, and go to state 18
    '!'            shift, and go to state 19
    '('            shift, and go to state 22

    expMultiplicativa  go to state 120
    expUnaria          go to state 42
    operUnario         go to state 43
    expPostfijo        go to state 44
    expPrimaria        go to state 45


State 82

   94 expMultiplicativa: expMultiplicativa '*' • expUnaria

    ENTERO         shift, and go to state 5
    NUMERO         shift, and go to state 6
    CARACTER       shift, and go to state 7
    CADENA         shift, and go to state 8
    IDENTIFICADOR  shift, and go to state 68
    INCREMENTO     shift, and go to state 16
    DECREMENTO     shift, and go to state 17
    '-'            shift, and go to state 18
    '!'            shift, and go to state 19
    '('            shift, and go to state 22

    expUnaria    go to state 121
    operUnario   go to state 43
    expPostfijo  go to state 44
    expPrimaria  go to state 45


State 83

   95 expMultiplicativa: expMultiplicativa '/' • expUnaria

    ENTERO         shift, and go to state 5
    NUMERO         shift, and go to state 6
    CARACTER       shift, and go to state 7
    CADENA         shift, and go to state 8
    IDENTIFICADOR  shift, and go to state 68
    INCREMENTO     shift, and go to state 16
    DECREMENTO     shift, and go to state 17
    '-'            shift, and go to state 18
    '!'            shift, and go to state 19
    '('            shift, and go to state 22

    expUnaria    go to state 122
    operUnario   go to state 43
    expPostfijo  go to state 44
    expPrimaria  go to state 45


State 84

   97 expUnaria: operUnario expPostfijo •

    $default  reduce using rule 97 (expUnaria)


State 85

  104 expPostfijo: expPrimaria INCREMENTO •

    $default  reduce using rule 104 (expPostfijo)


State 86

  105 expPostfijo: expPrimaria DECREMENTO •

    $default  reduce using rule 105 (expPostfijo)


State 87

  109 argumento: ENTERO •

    $default  reduce using rule 109 (argumento)


State 88

  111 argumento: NUMERO •

    $default  reduce using rule 111 (argumento)


State 89

  112 argumento: CARACTER •

    $default  reduce using rule 112 (argumento)


State 90

  110 argumento: CADENA •

    $default  reduce using rule 110 (argumento)


State 91

  113 argumento: IDENTIFICADOR •

    $default  reduce using rule 113 (argumento)


State 92

  103 expPostfijo: IDENTIFICADOR '(' listaArgumentos • ')'
  108 listaArgumentos: listaArgumentos • ',' argumento

    ','  shift, and go to state 123
    ')'  shift, and go to state 124


State 93

  107 listaArgumentos: argumento •

    $default  reduce using rule 107 (listaArgumentos)


State 94

   71 expresion: IDENTIFICADOR opAsignacion expOr •
   79 expOr: expOr • OR expAnd

    OR  shift, and go to state 72

    $default  reduce using rule 71 (expresion)


State 95

   66 sentSalto: RETURN expresion_opt ';' •

    $default  reduce using rule 66 (sentSalto)


State 96

    8 declaracion: error • ';'
    9            | error • '}'
   12 declaEnum: error • ';'
   27 declaVoF: error • ';'
   62 sentIteracion: FOR '(' error • ')' sentencia
   72 expresion: error •

    ';'  shift, and go to state 125
    '}'  shift, and go to state 47
    ')'  shift, and go to state 126

    ';'       [reduce using rule 72 (expresion)]
    $default  reduce using rule 72 (expresion)


State 97

   64 forInit_opt: declaracion •

    $default  reduce using rule 64 (forInit_opt)


State 98

   61 sentIteracion: FOR '(' forInit_opt • expresion_opt ';' expresion_opt ')' $@9 sentencia

    error          shift, and go to state 56
    ENTERO         shift, and go to state 5
    NUMERO         shift, and go to state 6
    CARACTER       shift, and go to state 7
    CADENA         shift, and go to state 8
    IDENTIFICADOR  shift, and go to state 57
    INCREMENTO     shift, and go to state 16
    DECREMENTO     shift, and go to state 17
    '-'            shift, and go to state 18
    '!'            shift, and go to state 19
    '('            shift, and go to state 22

    ';'  reduce using rule 68 (expresion_opt)

    expresion_opt      go to state 127
    expresion          go to state 35
    expOr              go to state 36
    expAnd             go to state 37
    expIgualdad        go to state 38
    expRelacional      go to state 39
    expAditiva         go to state 40
    expMultiplicativa  go to state 41
    expUnaria          go to state 42
    operUnario         go to state 43
    expPostfijo        go to state 44
    expPrimaria        go to state 45


State 99

   65 forInit_opt: expresion •

    $default  reduce using rule 65 (forInit_opt)


State 100

   59 sentIteracion: WHILE '(' error • ')' sentencia
   72 expresion: error •

    ')'  shift, and go to state 128

    ')'  [reduce using rule 72 (expresion)]


State 101

   58 sentIteracion: WHILE '(' expresion • ')' $@8 sentencia

    ')'  shift, and go to state 129


State 102

   50 sentSeleccion: IF '(' error • ')' sentencia opSent
   72 expresion: error •

    ')'  shift, and go to state 130

    ')'  [reduce using rule 72 (expresion)]


State 103

   53 sentSeleccion: IF '(' expresion • ')' $@5 sentencia @6 opSent

    ')'  shift, and go to state 131


State 104

   11 declaEnum: ENUMERADOR IDENTIFICADOR '{' • lista_enumeradores '}' @1 ids_opt

    IDENTIFICADOR  shift, and go to state 132

    lista_enumeradores  go to state 133


State 105

   46 sentCompuesta: '{' error '}' •

    $default  reduce using rule 46 (sentCompuesta)


State 106

    3 items: items • item
   45 sentCompuesta: '{' $@4 items • '}'

    error          shift, and go to state 4
    ENTERO         shift, and go to state 5
    NUMERO         shift, and go to state 6
    CARACTER       shift, and go to state 7
    CADENA         shift, and go to state 8
    TIPO_DATO      shift, and go to state 9
    IDENTIFICADOR  shift, and go to state 10
    RETURN         shift, and go to state 11
    FOR            shift, and go to state 12
    WHILE          shift, and go to state 13
    IF             shift, and go to state 14
    ENUMERADOR     shift, and go to state 15
    INCREMENTO     shift, and go to state 16
    DECREMENTO     shift, and go to state 17
    '-'            shift, and go to state 18
    '!'            shift, and go to state 19
    ';'            shift, and go to state 20
    '}'            shift, and go to state 134
    '{'            shift, and go to state 21
    '('            shift, and go to state 22

    ';'  [reduce using rule 68 (expresion_opt)]

    item               go to state 23
    declaracion        go to state 24
    declaEnum          go to state 25
    declaVoF           go to state 26
    tipo_opt           go to state 27
    sentencia          go to state 28
    sentCompuesta      go to state 29
    sentExpresion      go to state 30
    sentSeleccion      go to state 31
    sentIteracion      go to state 32
    sentSalto          go to state 33
    expresion_opt      go to state 34
    expresion          go to state 35
    expOr              go to state 36
    expAnd             go to state 37
    expIgualdad        go to state 38
    expRelacional      go to state 39
    expAditiva         go to state 40
    expMultiplicativa  go to state 41
    expUnaria          go to state 42
    operUnario         go to state 43
    expPostfijo        go to state 44
    expPrimaria        go to state 45


State 107

  119 expPrimaria: '(' expOr ')' •

    $default  reduce using rule 119 (expPrimaria)


State 108

   24 declaVoF: tipo_opt IDENTIFICADOR '=' • @2 expOr ';'

    $default  reduce using rule 23 (@2)

    @2  go to state 135


State 109

   21 declaVoF: tipo_opt IDENTIFICADOR ';' •

    $default  reduce using rule 21 (declaVoF)


State 110

   22 declaVoF: tipo_opt IDENTIFICADOR '(' • parametros_opt ')' ';'
   26         | tipo_opt IDENTIFICADOR '(' • parametros_opt ')' @3 sentCompuesta

    TIPO_DATO  shift, and go to state 136

    $default  reduce using rule 31 (parametros_opt)

    parametros_opt    go to state 137
    lista_parametros  go to state 138
    parametro         go to state 139


State 111

   79 expOr: expOr OR expAnd •
   81 expAnd: expAnd • AND expIgualdad

    AND  shift, and go to state 73

    $default  reduce using rule 79 (expOr)


State 112

   81 expAnd: expAnd AND expIgualdad •
   83 expIgualdad: expIgualdad • IGUALDAD expRelacional
   84            | expIgualdad • DIFERENTE expRelacional

    IGUALDAD   shift, and go to state 74
    DIFERENTE  shift, and go to state 75

    $default  reduce using rule 81 (expAnd)


State 113

   83 expIgualdad: expIgualdad IGUALDAD expRelacional •
   86 expRelacional: expRelacional • MAYOR_IGUAL expAditiva
   87              | expRelacional • '>' expAditiva
   88              | expRelacional • MENOR_IGUAL expAditiva
   89              | expRelacional • '<' expAditiva

    MAYOR_IGUAL  shift, and go to state 76
    MENOR_IGUAL  shift, and go to state 77
    '<'          shift, and go to state 78
    '>'          shift, and go to state 79

    $default  reduce using rule 83 (expIgualdad)


State 114

   84 expIgualdad: expIgualdad DIFERENTE expRelacional •
   86 expRelacional: expRelacional • MAYOR_IGUAL expAditiva
   87              | expRelacional • '>' expAditiva
   88              | expRelacional • MENOR_IGUAL expAditiva
   89              | expRelacional • '<' expAditiva

    MAYOR_IGUAL  shift, and go to state 76
    MENOR_IGUAL  shift, and go to state 77
    '<'          shift, and go to state 78
    '>'          shift, and go to state 79

    $default  reduce using rule 84 (expIgualdad)


State 115

   86 expRelacional: expRelacional MAYOR_IGUAL expAditiva •
   91 expAditiva: expAditiva • '+' expMultiplicativa
   92           | expAditiva • '-' expMultiplicativa

    '+'  shift, and go to state 80
    '-'  shift, and go to state 81

    $default  reduce using rule 86 (expRelacional)


State 116

   88 expRelacional: expRelacional MENOR_IGUAL expAditiva •
   91 expAditiva: expAditiva • '+' expMultiplicativa
   92           | expAditiva • '-' expMultiplicativa

    '+'  shift, and go to state 80
    '-'  shift, and go to state 81

    $default  reduce using rule 88 (expRelacional)


State 117

   89 expRelacional: expRelacional '<' expAditiva •
   91 expAditiva: expAditiva • '+' expMultiplicativa
   92           | expAditiva • '-' expMultiplicativa

    '+'  shift, and go to state 80
    '-'  shift, and go to state 81

    $default  reduce using rule 89 (expRelacional)


State 118

   87 expRelacional: expRelacional '>' expAditiva •
   91 expAditiva: expAditiva • '+' expMultiplicativa
   92           | expAditiva • '-' expMultiplicativa

    '+'  shift, and go to state 80
    '-'  shift, and go to state 81

    $default  reduce using rule 87 (expRelacional)


State 119

   91 expAditiva: expAditiva '+' expMultiplicativa •
   94 expMultiplicativa: expMultiplicativa • '*' expUnaria
   95                  | expMultiplicativa • '/' expUnaria

    '*'  shift, and go to state 82
    '/'  shift, and go to state 83

    $default  reduce using rule 91 (expAditiva)


State 120

   92 expAditiva: expAditiva '-' expMultiplicativa •
   94 expMultiplicativa: expMultiplicativa • '*' expUnaria
   95                  | expMultiplicativa • '/' expUnaria

    '*'  shift, and go to state 82
    '/'  shift, and go to state 83

    $default  reduce using rule 92 (expAditiva)


State 121

   94 expMultiplicativa: expMultiplicativa '*' expUnaria •

    $default  reduce using rule 94 (expMultiplicativa)


State 122

   95 expMultiplicativa: expMultiplicativa '/' expUnaria •

    $default  reduce using rule 95 (expMultiplicativa)


State 123

  108 listaArgumentos: listaArgumentos ',' • argumento

    ENTERO         shift, and go to state 87
    NUMERO         shift, and go to state 88
    CARACTER       shift, and go to state 89
    CADENA         shift, and go to state 90
    IDENTIFICADOR  shift, and go to state 91

    argumento  go to state 140


State 124

  103 expPostfijo: IDENTIFICADOR '(' listaArgumentos ')' •

    $default  reduce using rule 103 (expPostfijo)


State 125

    8 declaracion: error ';' •
   12 declaEnum: error ';' •
   27 declaVoF: error ';' •

    error          reduce using rule 8 (declaracion)
    error          [reduce using rule 12 (declaEnum)]
    error          [reduce using rule 27 (declaVoF)]
    ENTERO         reduce using rule 8 (declaracion)
    ENTERO         [reduce using rule 12 (declaEnum)]
    ENTERO         [reduce using rule 27 (declaVoF)]
    NUMERO         reduce using rule 8 (declaracion)
    NUMERO         [reduce using rule 12 (declaEnum)]
    NUMERO         [reduce using rule 27 (declaVoF)]
    CARACTER       reduce using rule 8 (declaracion)
    CARACTER       [reduce using rule 12 (declaEnum)]
    CARACTER       [reduce using rule 27 (declaVoF)]
    CADENA         reduce using rule 8 (declaracion)
    CADENA         [reduce using rule 12 (declaEnum)]
    CADENA         [reduce using rule 27 (declaVoF)]
    IDENTIFICADOR  reduce using rule 8 (declaracion)
    IDENTIFICADOR  [reduce using rule 12 (declaEnum)]
    IDENTIFICADOR  [reduce using rule 27 (declaVoF)]
    INCREMENTO     reduce using rule 8 (declaracion)
    INCREMENTO     [reduce using rule 12 (declaEnum)]
    INCREMENTO     [reduce using rule 27 (declaVoF)]
    DECREMENTO     reduce using rule 8 (declaracion)
    DECREMENTO     [reduce using rule 12 (declaEnum)]
    DECREMENTO     [reduce using rule 27 (declaVoF)]
    '-'            reduce using rule 8 (declaracion)
    '-'            [reduce using rule 12 (declaEnum)]
    '-'            [reduce using rule 27 (declaVoF)]
    '!'            reduce using rule 8 (declaracion)
    '!'            [reduce using rule 12 (declaEnum)]
    '!'            [reduce using rule 27 (declaVoF)]
    ';'            reduce using rule 8 (declaracion)
    ';'            [reduce using rule 12 (declaEnum)]
    ';'            [reduce using rule 27 (declaVoF)]
    '('            reduce using rule 8 (declaracion)
    '('            [reduce using rule 12 (declaEnum)]
    '('            [reduce using rule 27 (declaVoF)]
    $default       reduce using rule 8 (declaracion)


State 126

   62 sentIteracion: FOR '(' error ')' • sentencia

    error          shift, and go to state 4
    ENTERO         shift, and go to state 5
    NUMERO         shift, and go to state 6
    CARACTER       shift, and go to state 7
    CADENA         shift, and go to state 8
    TIPO_DATO      shift, and go to state 9
    IDENTIFICADOR  shift, and go to state 10
    RETURN         shift, and go to state 11
    FOR            shift, and go to state 12
    WHILE          shift, and go to state 13
    IF             shift, and go to state 14
    ENUMERADOR     shift, and go to state 15
    INCREMENTO     shift, and go to state 16
    DECREMENTO     shift, and go to state 17
    '-'            shift, and go to state 18
    '!'            shift, and go to state 19
    ';'            shift, and go to state 20
    '{'            shift, and go to state 21
    '('            shift, and go to state 22

    ';'  [reduce using rule 68 (expresion_opt)]

    declaracion        go to state 141
    declaEnum          go to state 25
    declaVoF           go to state 26
    tipo_opt           go to state 27
    sentencia          go to state 142
    sentCompuesta      go to state 29
    sentExpresion      go to state 30
    sentSeleccion      go to state 31
    sentIteracion      go to state 32
    sentSalto          go to state 33
    expresion_opt      go to state 34
    expresion          go to state 35
    expOr              go to state 36
    expAnd             go to state 37
    expIgualdad        go to state 38
    expRelacional      go to state 39
    expAditiva         go to state 40
    expMultiplicativa  go to state 41
    expUnaria          go to state 42
    operUnario         go to state 43
    expPostfijo        go to state 44
    expPrimaria        go to state 45


State 127

   61 sentIteracion: FOR '(' forInit_opt expresion_opt • ';' expresion_opt ')' $@9 sentencia

    ';'  shift, and go to state 143


State 128

   59 sentIteracion: WHILE '(' error ')' • sentencia

    error          shift, and go to state 4
    ENTERO         shift, and go to state 5
    NUMERO         shift, and go to state 6
    CARACTER       shift, and go to state 7
    CADENA         shift, and go to state 8
    TIPO_DATO      shift, and go to state 9
    IDENTIFICADOR  shift, and go to state 10
    RETURN         shift, and go to state 11
    FOR            shift, and go to state 12
    WHILE          shift, and go to state 13
    IF             shift, and go to state 14
    ENUMERADOR     shift, and go to state 15
    INCREMENTO     shift, and go to state 16
    DECREMENTO     shift, and go to state 17
    '-'            shift, and go to state 18
    '!'            shift, and go to state 19
    ';'            shift, and go to state 20
    '{'            shift, and go to state 21
    '('            shift, and go to state 22

    ';'  [reduce using rule 68 (expresion_opt)]

    declaracion        go to state 141
    declaEnum          go to state 25
    declaVoF           go to state 26
    tipo_opt           go to state 27
    sentencia          go to state 144
    sentCompuesta      go to state 29
    sentExpresion      go to state 30
    sentSeleccion      go to state 31
    sentIteracion      go to state 32
    sentSalto          go to state 33
    expresion_opt      go to state 34
    expresion          go to state 35
    expOr              go to state 36
    expAnd             go to state 37
    expIgualdad        go to state 38
    expRelacional      go to state 39
    expAditiva         go to state 40
    expMultiplicativa  go to state 41
    expUnaria          go to state 42
    operUnario         go to state 43
    expPostfijo        go to state 44
    expPrimaria        go to state 45


State 129

   58 sentIteracion: WHILE '(' expresion ')' • $@8 sentencia

    $default  reduce using rule 57 ($@8)

    $@8  go to state 145


State 130

   50 sentSeleccion: IF '(' error ')' • sentencia opSent

    error          shift, and go to state 4
    ENTERO         shift, and go to state 5
    NUMERO         shift, and go to state 6
    CARACTER       shift, and go to state 7
    CADENA         shift, and go to state 8
    TIPO_DATO      shift, and go to state 9
    IDENTIFICADOR  shift, and go to state 10
    RETURN         shift, and go to state 11
    FOR            shift, and go to state 12
    WHILE          shift, and go to state 13
    IF             shift, and go to state 14
    ENUMERADOR     shift, and go to state 15
    INCREMENTO     shift, and go to state 16
    DECREMENTO     shift, and go to state 17
    '-'            shift, and go to state 18
    '!'            shift, and go to state 19
    ';'            shift, and go to state 20
    '{'            shift, and go to state 21
    '('            shift, and go to state 22

    ';'  [reduce using rule 68 (expresion_opt)]

    declaracion        go to state 141
    declaEnum          go to state 25
    declaVoF           go to state 26
    tipo_opt           go to state 27
    sentencia          go to state 146
    sentCompuesta      go to state 29
    sentExpresion      go to state 30
    sentSeleccion      go to state 31
    sentIteracion      go to state 32
    sentSalto          go to state 33
    expresion_opt      go to state 34
    expresion          go to state 35
    expOr              go to state 36
    expAnd             go to state 37
    expIgualdad        go to state 38
    expRelacional      go to state 39
    expAditiva         go to state 40
    expMultiplicativa  go to state 41
    expUnaria          go to state 42
    operUnario         go to state 43
    expPostfijo        go to state 44
    expPrimaria        go to state 45


State 131

   53 sentSeleccion: IF '(' expresion ')' • $@5 sentencia @6 opSent

    $default  reduce using rule 51 ($@5)

    $@5  go to state 147


State 132

   17 lista_enumeradores: IDENTIFICADOR •
   18                   | IDENTIFICADOR • '=' ENTERO

    '='  shift, and go to state 148

    $default  reduce using rule 17 (lista_enumeradores)


State 133

   11 declaEnum: ENUMERADOR IDENTIFICADOR '{' lista_enumeradores • '}' @1 ids_opt
   19 lista_enumeradores: lista_enumeradores • ',' IDENTIFICADOR
   20                   | lista_enumeradores • ',' IDENTIFICADOR '=' ENTERO

    '}'  shift, and go to state 149
    ','  shift, and go to state 150


State 134

   45 sentCompuesta: '{' $@4 items '}' •

    $default  reduce using rule 45 (sentCompuesta)


State 135

   24 declaVoF: tipo_opt IDENTIFICADOR '=' @2 • expOr ';'

    ENTERO         shift, and go to state 5
    NUMERO         shift, and go to state 6
    CARACTER       shift, and go to state 7
    CADENA         shift, and go to state 8
    IDENTIFICADOR  shift, and go to state 68
    INCREMENTO     shift, and go to state 16
    DECREMENTO     shift, and go to state 17
    '-'            shift, and go to state 18
    '!'            shift, and go to state 19
    '('            shift, and go to state 22

    expOr              go to state 151
    expAnd             go to state 37
    expIgualdad        go to state 38
    expRelacional      go to state 39
    expAditiva         go to state 40
    expMultiplicativa  go to state 41
    expUnaria          go to state 42
    operUnario         go to state 43
    expPostfijo        go to state 44
    expPrimaria        go to state 45


State 136

   35 parametro: TIPO_DATO • IDENTIFICADOR
   36          | TIPO_DATO • '*' IDENTIFICADOR

    IDENTIFICADOR  shift, and go to state 152
    '*'            shift, and go to state 153


State 137

   22 declaVoF: tipo_opt IDENTIFICADOR '(' parametros_opt • ')' ';'
   26         | tipo_opt IDENTIFICADOR '(' parametros_opt • ')' @3 sentCompuesta

    ')'  shift, and go to state 154


State 138

   32 parametros_opt: lista_parametros •
   34 lista_parametros: lista_parametros • ',' parametro

    ','  shift, and go to state 155

    $default  reduce using rule 32 (parametros_opt)


State 139

   33 lista_parametros: parametro •

    $default  reduce using rule 33 (lista_parametros)


State 140

  108 listaArgumentos: listaArgumentos ',' argumento •

    $default  reduce using rule 108 (listaArgumentos)


State 141

   42 sentencia: declaracion •

    $default  reduce using rule 42 (sentencia)


State 142

   62 sentIteracion: FOR '(' error ')' sentencia •

    $default  reduce using rule 62 (sentIteracion)


State 143

   61 sentIteracion: FOR '(' forInit_opt expresion_opt ';' • expresion_opt ')' $@9 sentencia

    error          shift, and go to state 56
    ENTERO         shift, and go to state 5
    NUMERO         shift, and go to state 6
    CARACTER       shift, and go to state 7
    CADENA         shift, and go to state 8
    IDENTIFICADOR  shift, and go to state 57
    INCREMENTO     shift, and go to state 16
    DECREMENTO     shift, and go to state 17
    '-'            shift, and go to state 18
    '!'            shift, and go to state 19
    '('            shift, and go to state 22

    ')'  reduce using rule 68 (expresion_opt)

    expresion_opt      go to state 156
    expresion          go to state 35
    expOr              go to state 36
    expAnd             go to state 37
    expIgualdad        go to state 38
    expRelacional      go to state 39
    expAditiva         go to state 40
    expMultiplicativa  go to state 41
    expUnaria          go to state 42
    operUnario         go to state 43
    expPostfijo        go to state 44
    expPrimaria        go to state 45


State 144

   59 sentIteracion: WHILE '(' error ')' sentencia •

    $default  reduce using rule 59 (sentIteracion)


State 145

   58 sentIteracion: WHILE '(' expresion ')' $@8 • sentencia

    error          shift, and go to state 4
    ENTERO         shift, and go to state 5
    NUMERO         shift, and go to state 6
    CARACTER       shift, and go to state 7
    CADENA         shift, and go to state 8
    TIPO_DATO      shift, and go to state 9
    IDENTIFICADOR  shift, and go to state 10
    RETURN         shift, and go to state 11
    FOR            shift, and go to state 12
    WHILE          shift, and go to state 13
    IF             shift, and go to state 14
    ENUMERADOR     shift, and go to state 15
    INCREMENTO     shift, and go to state 16
    DECREMENTO     shift, and go to state 17
    '-'            shift, and go to state 18
    '!'            shift, and go to state 19
    ';'            shift, and go to state 20
    '{'            shift, and go to state 21
    '('            shift, and go to state 22

    ';'  [reduce using rule 68 (expresion_opt)]

    declaracion        go to state 141
    declaEnum          go to state 25
    declaVoF           go to state 26
    tipo_opt           go to state 27
    sentencia          go to state 157
    sentCompuesta      go to state 29
    sentExpresion      go to state 30
    sentSeleccion      go to state 31
    sentIteracion      go to state 32
    sentSalto          go to state 33
    expresion_opt      go to state 34
    expresion          go to state 35
    expOr              go to state 36
    expAnd             go to state 37
    expIgualdad        go to state 38
    expRelacional      go to state 39
    expAditiva         go to state 40
    expMultiplicativa  go to state 41
    expUnaria          go to state 42
    operUnario         go to state 43
    expPostfijo        go to state 44
    expPrimaria        go to state 45


State 146

   50 sentSeleccion: IF '(' error ')' sentencia • opSent

    ELSE  shift, and go to state 158

    ELSE      [reduce using rule 54 (opSent)]
    $default  reduce using rule 54 (opSent)

    opSent  go to state 159


State 147

   53 sentSeleccion: IF '(' expresion ')' $@5 • sentencia @6 opSent

    error          shift, and go to state 4
    ENTERO         shift, and go to state 5
    NUMERO         shift, and go to state 6
    CARACTER       shift, and go to state 7
    CADENA         shift, and go to state 8
    TIPO_DATO      shift, and go to state 9
    IDENTIFICADOR  shift, and go to state 10
    RETURN         shift, and go to state 11
    FOR            shift, and go to state 12
    WHILE          shift, and go to state 13
    IF             shift, and go to state 14
    ENUMERADOR     shift, and go to state 15
    INCREMENTO     shift, and go to state 16
    DECREMENTO     shift, and go to state 17
    '-'            shift, and go to state 18
    '!'            shift, and go to state 19
    ';'            shift, and go to state 20
    '{'            shift, and go to state 21
    '('            shift, and go to state 22

    ';'  [reduce using rule 68 (expresion_opt)]

    declaracion        go to state 141
    declaEnum          go to state 25
    declaVoF           go to state 26
    tipo_opt           go to state 27
    sentencia          go to state 160
    sentCompuesta      go to state 29
    sentExpresion      go to state 30
    sentSeleccion      go to state 31
    sentIteracion      go to state 32
    sentSalto          go to state 33
    expresion_opt      go to state 34
    expresion          go to state 35
    expOr              go to state 36
    expAnd             go to state 37
    expIgualdad        go to state 38
    expRelacional      go to state 39
    expAditiva         go to state 40
    expMultiplicativa  go to state 41
    expUnaria          go to state 42
    operUnario         go to state 43
    expPostfijo        go to state 44
    expPrimaria        go to state 45


State 148

   18 lista_enumeradores: IDENTIFICADOR '=' • ENTERO

    ENTERO  shift, and go to state 161


State 149

   11 declaEnum: ENUMERADOR IDENTIFICADOR '{' lista_enumeradores '}' • @1 ids_opt

    $default  reduce using rule 10 (@1)

    @1  go to state 162


State 150

   19 lista_enumeradores: lista_enumeradores ',' • IDENTIFICADOR
   20                   | lista_enumeradores ',' • IDENTIFICADOR '=' ENTERO

    IDENTIFICADOR  shift, and go to state 163


State 151

   24 declaVoF: tipo_opt IDENTIFICADOR '=' @2 expOr • ';'
   79 expOr: expOr • OR expAnd

    OR   shift, and go to state 72
    ';'  shift, and go to state 164


State 152

   35 parametro: TIPO_DATO IDENTIFICADOR •

    $default  reduce using rule 35 (parametro)


State 153

   36 parametro: TIPO_DATO '*' • IDENTIFICADOR

    IDENTIFICADOR  shift, and go to state 165


State 154

   22 declaVoF: tipo_opt IDENTIFICADOR '(' parametros_opt ')' • ';'
   26         | tipo_opt IDENTIFICADOR '(' parametros_opt ')' • @3 sentCompuesta

    ';'  shift, and go to state 166

    $default  reduce using rule 25 (@3)

    @3  go to state 167


State 155

   34 lista_parametros: lista_parametros ',' • parametro

    TIPO_DATO  shift, and go to state 136

    parametro  go to state 168


State 156

   61 sentIteracion: FOR '(' forInit_opt expresion_opt ';' expresion_opt • ')' $@9 sentencia

    ')'  shift, and go to state 169


State 157

   58 sentIteracion: WHILE '(' expresion ')' $@8 sentencia •

    $default  reduce using rule 58 (sentIteracion)


State 158

   56 opSent: ELSE • $@7 sentencia

    $default  reduce using rule 55 ($@7)

    $@7  go to state 170


State 159

   50 sentSeleccion: IF '(' error ')' sentencia opSent •

    $default  reduce using rule 50 (sentSeleccion)


State 160

   53 sentSeleccion: IF '(' expresion ')' $@5 sentencia • @6 opSent

    $default  reduce using rule 52 (@6)

    @6  go to state 171


State 161

   18 lista_enumeradores: IDENTIFICADOR '=' ENTERO •

    $default  reduce using rule 18 (lista_enumeradores)


State 162

   11 declaEnum: ENUMERADOR IDENTIFICADOR '{' lista_enumeradores '}' @1 • ids_opt

    IDENTIFICADOR  shift, and go to state 172
    ';'            shift, and go to state 173

    ids_opt    go to state 174
    lista_ids  go to state 175


State 163

   19 lista_enumeradores: lista_enumeradores ',' IDENTIFICADOR •
   20                   | lista_enumeradores ',' IDENTIFICADOR • '=' ENTERO

    '='  shift, and go to state 176

    $default  reduce using rule 19 (lista_enumeradores)


State 164

   24 declaVoF: tipo_opt IDENTIFICADOR '=' @2 expOr ';' •

    $default  reduce using rule 24 (declaVoF)


State 165

   36 parametro: TIPO_DATO '*' IDENTIFICADOR •

    $default  reduce using rule 36 (parametro)


State 166

   22 declaVoF: tipo_opt IDENTIFICADOR '(' parametros_opt ')' ';' •

    $default  reduce using rule 22 (declaVoF)


State 167

   26 declaVoF: tipo_opt IDENTIFICADOR '(' parametros_opt ')' @3 • sentCompuesta

    '{'  shift, and go to state 21

    sentCompuesta  go to state 177


State 168

   34 lista_parametros: lista_parametros ',' parametro •

    $default  reduce using rule 34 (lista_parametros)


State 169

   61 sentIteracion: FOR '(' forInit_opt expresion_opt ';' expresion_opt ')' • $@9 sentencia

    $default  reduce using rule 60 ($@9)

    $@9  go to state 178


State 170

   56 opSent: ELSE $@7 • sentencia

    error          shift, and go to state 4
    ENTERO         shift, and go to state 5
    NUMERO         shift, and go to state 6
    CARACTER       shift, and go to state 7
    CADENA         shift, and go to state 8
    TIPO_DATO      shift, and go to state 9
    IDENTIFICADOR  shift, and go to state 10
    RETURN         shift, and go to state 11
    FOR            shift, and go to state 12
    WHILE          shift, and go to state 13
    IF             shift, and go to state 14
    ENUMERADOR     shift, and go to state 15
    INCREMENTO     shift, and go to state 16
    DECREMENTO     shift, and go to state 17
    '-'            shift, and go to state 18
    '!'            shift, and go to state 19
    ';'            shift, and go to state 20
    '{'            shift, and go to state 21
    '('            shift, and go to state 22

    ';'  [reduce using rule 68 (expresion_opt)]

    declaracion        go to state 141
    declaEnum          go to state 25
    declaVoF           go to state 26
    tipo_opt           go to state 27
    sentencia          go to state 179
    sentCompuesta      go to state 29
    sentExpresion      go to state 30
    sentSeleccion      go to state 31
    sentIteracion      go to state 32
    sentSalto          go to state 33
    expresion_opt      go to state 34
    expresion          go to state 35
    expOr              go to state 36
    expAnd             go to state 37
    expIgualdad        go to state 38
    expRelacional      go to state 39
    expAditiva         go to state 40
    expMultiplicativa  go to state 41
    expUnaria          go to state 42
    operUnario         go to state 43
    expPostfijo        go to state 44
    expPrimaria        go to state 45


State 171

   53 sentSeleccion: IF '(' expresion ')' $@5 sentencia @6 • opSent

    ELSE  shift, and go to state 158

    ELSE      [reduce using rule 54 (opSent)]
    $default  reduce using rule 54 (opSent)

    opSent  go to state 180


State 172

   15 lista_ids: IDENTIFICADOR •

    $default  reduce using rule 15 (lista_ids)


State 173

   13 ids_opt: ';' •

    $default  reduce using rule 13 (ids_opt)


State 174

   11 declaEnum: ENUMERADOR IDENTIFICADOR '{' lista_enumeradores '}' @1 ids_opt •

    $default  reduce using rule 11 (declaEnum)


State 175

   14 ids_opt: lista_ids •
   16 lista_ids: lista_ids • ',' IDENTIFICADOR

    ','  shift, and go to state 181

    $default  reduce using rule 14 (ids_opt)


State 176

   20 lista_enumeradores: lista_enumeradores ',' IDENTIFICADOR '=' • ENTERO

    ENTERO  shift, and go to state 182


State 177

   26 declaVoF: tipo_opt IDENTIFICADOR '(' parametros_opt ')' @3 sentCompuesta •

    $default  reduce using rule 26 (declaVoF)


State 178

   61 sentIteracion: FOR '(' forInit_opt expresion_opt ';' expresion_opt ')' $@9 • sentencia

    error          shift, and go to state 4
    ENTERO         shift, and go to state 5
    NUMERO         shift, and go to state 6
    CARACTER       shift, and go to state 7
    CADENA         shift, and go to state 8
    TIPO_DATO      shift, and go to state 9
    IDENTIFICADOR  shift, and go to state 10
    RETURN         shift, and go to state 11
    FOR            shift, and go to state 12
    WHILE          shift, and go to state 13
    IF             shift, and go to state 14
    ENUMERADOR     shift, and go to state 15
    INCREMENTO     shift, and go to state 16
    DECREMENTO     shift, and go to state 17
    '-'            shift, and go to state 18
    '!'            shift, and go to state 19
    ';'            shift, and go to state 20
    '{'            shift, and go to state 21
    '('            shift, and go to state 22

    ';'  [reduce using rule 68 (expresion_opt)]

    declaracion        go to state 141
    declaEnum          go to state 25
    declaVoF           go to state 26
    tipo_opt           go to state 27
    sentencia          go to state 183
    sentCompuesta      go to state 29
    sentExpresion      go to state 30
    sentSeleccion      go to state 31
    sentIteracion      go to state 32
    sentSalto          go to state 33
    expresion_opt      go to state 34
    expresion          go to state 35
    expOr              go to state 36
    expAnd             go to state 37
    expIgualdad        go to state 38
    expRelacional      go to state 39
    expAditiva         go to state 40
    expMultiplicativa  go to state 41
    expUnaria          go to state 42
    operUnario         go to state 43
    expPostfijo        go to state 44
    expPrimaria        go to state 45


State 179

   56 opSent: ELSE $@7 sentencia •

    $default  reduce using rule 56 (opSent)


State 180

   53 sentSeleccion: IF '(' expresion ')' $@5 sentencia @6 opSent •

    $default  reduce using rule 53 (sentSeleccion)


State 181

   16 lista_ids: lista_ids ',' • IDENTIFICADOR

    IDENTIFICADOR  shift, and go to state 184


State 182

   20 lista_enumeradores: lista_enumeradores ',' IDENTIFICADOR '=' ENTERO •

    $default  reduce using rule 20 (lista_enumeradores)


State 183

   61 sentIteracion: FOR '(' forInit_opt expresion_opt ';' expresion_opt ')' $@9 sentencia •

    $default  reduce using rule 61 (sentIteracion)


State 184

   16 lista_ids: lista_ids ',' IDENTIFICADOR •

    $default  reduce using rule 16 (lista_ids)
